2026-04-25 19:55:50,598 - [root] - INFO - [Metrics] Collector initialised  |  mode=stack_b_client1  |  output=/app/metrics/results/metrics_stack_b_client1_20260425_195550.csv
2026-04-25 19:55:50,615 - [root] - INFO - [client1] Model initialised (NO fit() applied)
2026-04-25 19:55:50,615 - [root] - INFO - [client1]   coef      shape=(10,) | values=[0.1 0.2 0.3 0.4 0.5 0.6 0.7 0.8 0.9 1. ]
2026-04-25 19:55:50,616 - [root] - INFO - [client1]   intercept shape=(1,) | values=[0.05]
2026-04-25 19:55:50,617 - [client1] - INFO - --- [client1] BOOTING IN SECURE AGGREGATION MODE (STACK B) ---
2026-04-25 19:55:50,641 - [client1] - INFO - [client1] SecAgg Round 0 triggered.
2026-04-25 19:55:50,641 - [root] - INFO - 
────────────────────────────────────────────────────────────
2026-04-25 19:55:50,643 - [root] - INFO -   [client1] ROUND 0 — KEY GENERATION
2026-04-25 19:55:50,643 - [root] - INFO - ────────────────────────────────────────────────────────────
2026-04-25 19:55:50,645 - [root] - INFO - [Metrics][client1] Round 1 measurement started (R0 ignition)
2026-04-25 19:55:50,664 - [root] - INFO - [client1] DH keypairs generated. Public keys sent to server.
2026-04-25 19:55:50,665 - [root] - INFO - [client1] Successfully connected to Mosquitto at mqtt-broker
2026-04-25 19:55:50,667 - [root] - INFO - [client1] Subscribed to topic successfully (mid=2)
2026-04-25 19:55:50,668 - [root] - INFO - [client1] Subscribed to topic successfully (mid=3)
2026-04-25 19:57:09,934 - [root] - INFO - [Metrics] Collector initialised  |  mode=stack_b_client1  |  output=/app/metrics/results/metrics_stack_b_client1_20260425_195709.csv
2026-04-25 19:57:09,939 - [root] - INFO - [client1] Model initialised (NO fit() applied)
2026-04-25 19:57:09,939 - [root] - INFO - [client1]   coef      shape=(10,) | values=[0.1 0.2 0.3 0.4 0.5 0.6 0.7 0.8 0.9 1. ]
2026-04-25 19:57:09,939 - [root] - INFO - [client1]   intercept shape=(1,) | values=[0.05]
2026-04-25 19:57:09,940 - [client1] - INFO - --- [client1] BOOTING IN SECURE AGGREGATION MODE (STACK B) ---
2026-04-25 19:57:09,948 - [client1] - INFO - [client1] SecAgg Round 0 triggered.
2026-04-25 19:57:09,948 - [root] - INFO - 
────────────────────────────────────────────────────────────
2026-04-25 19:57:09,948 - [root] - INFO -   [client1] ROUND 0 — KEY GENERATION
2026-04-25 19:57:09,948 - [root] - INFO - ────────────────────────────────────────────────────────────
2026-04-25 19:57:09,948 - [root] - INFO - [Metrics][client1] Round 1 measurement started (R0 ignition)
2026-04-25 19:57:09,953 - [root] - INFO - [client1] DH keypairs generated. Public keys sent to server.
2026-04-25 19:57:09,954 - [root] - INFO - [client1] Successfully connected to Mosquitto at mqtt-broker
2026-04-25 19:57:09,954 - [root] - INFO - [client1] Subscribed to topic successfully (mid=2)
2026-04-25 19:57:09,954 - [root] - INFO - [client1] Subscribed to topic successfully (mid=3)
2026-04-25 19:57:30,665 - [root] - INFO - 
────────────────────────────────────────────────────────────
2026-04-25 19:57:30,668 - [root] - INFO -   [client1] ROUND 1 — SHARE DISTRIBUTION
2026-04-25 19:57:30,668 - [root] - INFO - ────────────────────────────────────────────────────────────
2026-04-25 19:57:30,669 - [root] - INFO - [client1] Active users: ['client2', 'client1', 'client3']  |  threshold: 2/3
2026-04-25 19:57:30,678 - [root] - INFO - [client1] Encrypted Shamir shares sent to server for routing  →  ['client2', 'client3']
2026-04-25 19:57:30,724 - [root] - INFO - [client1] Share received and decrypted from client3  (1/2)
2026-04-25 19:57:31,777 - [root] - INFO - [client1] Share received and decrypted from client2  (2/2)
2026-04-25 19:57:31,781 - [root] - INFO - 
────────────────────────────────────────────────────────────
2026-04-25 19:57:31,781 - [root] - INFO -   [client1] ROUND 2 — MASKED INPUT GENERATION
2026-04-25 19:57:31,783 - [root] - INFO - ────────────────────────────────────────────────────────────
2026-04-25 19:57:31,783 - [root] - INFO - [client1] No global model yet — using local init weights.
2026-04-25 19:57:33,788 - [root] - INFO - [client1] Local weights (plaintext):
2026-04-25 19:57:33,809 - [root] - INFO -   [coef]  [0.1 0.2 0.3 0.4 0.5 0.6 0.7 0.8 0.9 1. ]
2026-04-25 19:57:33,810 - [root] - INFO -   [intercept]  [0.05]
2026-04-25 19:57:33,858 - [root] - INFO - [client1] Weights quantized and flattened  →  11 integers.
2026-04-25 19:57:33,861 - [root] - INFO - [client1] Masks applied. Sending masked weights to server.
2026-04-25 19:57:33,862 - [root] - INFO - [client1] Masked input Y_u published ✓
2026-04-25 19:57:34,962 - [root] - INFO - 
────────────────────────────────────────────────────────────
2026-04-25 19:57:34,962 - [root] - INFO -   [client1] ROUND 3 — UNMASKING
2026-04-25 19:57:34,963 - [root] - INFO - ────────────────────────────────────────────────────────────
2026-04-25 19:57:34,964 - [root] - INFO - [client1] Survivors: ['client2', 'client3', 'client1']  |  Dropped: none
2026-04-25 19:57:34,965 - [root] - INFO - [client1] Recovery shares sent to server ✓
2026-04-25 19:57:35,228 - [root] - INFO - [Metrics][client1] Round 1 measurement ended (R3 done)
2026-04-25 19:57:47,838 - [root] - INFO - 
────────────────────────────────────────────────────────────
2026-04-25 19:57:47,842 - [root] - INFO -   [client1] ROUND 0 — KEY GENERATION
2026-04-25 19:57:47,844 - [root] - INFO - ────────────────────────────────────────────────────────────
2026-04-25 19:57:47,854 - [root] - INFO - [Metrics][client1] Round 2 measurement started (R0 ignition)
2026-04-25 19:57:47,858 - [root] - INFO - [client1] DH keypairs generated. Public keys sent to server.
2026-04-25 19:57:48,908 - [root] - INFO - 
────────────────────────────────────────────────────────────
2026-04-25 19:57:48,908 - [root] - INFO -   [client1] ROUND 1 — SHARE DISTRIBUTION
2026-04-25 19:57:48,909 - [root] - INFO - ────────────────────────────────────────────────────────────
2026-04-25 19:57:48,909 - [root] - INFO - [client1] Active users: ['client2', 'client1', 'client3']  |  threshold: 2/3
2026-04-25 19:57:48,912 - [root] - INFO - [client1] Encrypted Shamir shares sent to server for routing  →  ['client2', 'client3']
2026-04-25 19:57:50,006 - [root] - INFO - [client1] Share received and decrypted from client2  (1/2)
2026-04-25 19:57:50,008 - [root] - INFO - [client1] Share received and decrypted from client3  (2/2)
2026-04-25 19:57:50,009 - [root] - INFO - 
────────────────────────────────────────────────────────────
2026-04-25 19:57:50,009 - [root] - INFO -   [client1] ROUND 2 — MASKED INPUT GENERATION
2026-04-25 19:57:50,009 - [root] - INFO - ────────────────────────────────────────────────────────────
2026-04-25 19:57:50,009 - [root] - INFO - [client1] Global model received from server.
2026-04-25 19:57:50,010 - [root] - INFO - [client1] Global model:
2026-04-25 19:57:50,011 - [root] - INFO -   [coef]  [-0.166667 -0.066667  0.033334  0.133333  0.233333  0.333334  0.433333
  0.533333  0.633334  0.733333]
2026-04-25 19:57:50,012 - [root] - INFO -   [intercept]  [0.]
2026-04-25 19:57:50,012 - [root] - INFO - [client1] Weights updated from global model:
2026-04-25 19:57:50,012 - [root] - INFO - [client1]   coef      = [-0.166667 -0.066667  0.033334  0.133333  0.233333  0.333334  0.433333
  0.533333  0.633334  0.733333]
2026-04-25 19:57:50,012 - [root] - INFO - [client1]   intercept = [0.]
2026-04-25 19:57:52,016 - [root] - INFO - [client1] Local weights (plaintext):
2026-04-25 19:57:52,022 - [root] - INFO -   [coef]  [-0.166667 -0.066667  0.033334  0.133333  0.233333  0.333334  0.433333
  0.533333  0.633334  0.733333]
2026-04-25 19:57:52,022 - [root] - INFO -   [intercept]  [0.]
2026-04-25 19:57:52,025 - [root] - INFO - [client1] Weights quantized and flattened  →  11 integers.
2026-04-25 19:57:52,028 - [root] - INFO - [client1] Masks applied. Sending masked weights to server.
2026-04-25 19:57:52,029 - [root] - INFO - [client1] Masked input Y_u published ✓
2026-04-25 19:57:53,189 - [root] - INFO - 
────────────────────────────────────────────────────────────
2026-04-25 19:57:53,192 - [root] - INFO -   [client1] ROUND 3 — UNMASKING
2026-04-25 19:57:53,193 - [root] - INFO - ────────────────────────────────────────────────────────────
2026-04-25 19:57:53,193 - [root] - INFO - [client1] Survivors: ['client2', 'client3', 'client1']  |  Dropped: none
2026-04-25 19:57:53,196 - [root] - INFO - [client1] Recovery shares sent to server ✓
2026-04-25 19:57:53,421 - [root] - INFO - [Metrics][client1] Round 2 measurement ended (R3 done)
2026-04-25 19:58:06,022 - [root] - INFO - 
────────────────────────────────────────────────────────────
2026-04-25 19:58:06,026 - [root] - INFO -   [client1] ROUND 0 — KEY GENERATION
2026-04-25 19:58:06,027 - [root] - INFO - ────────────────────────────────────────────────────────────
2026-04-25 19:58:06,031 - [root] - INFO - [Metrics][client1] Round 3 measurement started (R0 ignition)
2026-04-25 19:58:06,038 - [root] - INFO - [client1] DH keypairs generated. Public keys sent to server.
2026-04-25 19:58:07,091 - [root] - INFO - 
────────────────────────────────────────────────────────────
2026-04-25 19:58:07,091 - [root] - INFO -   [client1] ROUND 1 — SHARE DISTRIBUTION
2026-04-25 19:58:07,093 - [root] - INFO - ────────────────────────────────────────────────────────────
2026-04-25 19:58:07,093 - [root] - INFO - [client1] Active users: ['client1', 'client2', 'client3']  |  threshold: 2/3
2026-04-25 19:58:07,104 - [root] - INFO - [client1] Encrypted Shamir shares sent to server for routing  →  ['client2', 'client3']
2026-04-25 19:58:08,167 - [root] - INFO - [client1] Share received and decrypted from client2  (1/2)
2026-04-25 19:58:08,170 - [root] - INFO - [client1] Share received and decrypted from client3  (2/2)
2026-04-25 19:58:08,172 - [root] - INFO - 
────────────────────────────────────────────────────────────
2026-04-25 19:58:08,172 - [root] - INFO -   [client1] ROUND 2 — MASKED INPUT GENERATION
2026-04-25 19:58:08,175 - [root] - INFO - ────────────────────────────────────────────────────────────
2026-04-25 19:58:08,175 - [root] - INFO - [client1] Global model received from server.
2026-04-25 19:58:08,176 - [root] - INFO - [client1] Global model:
2026-04-25 19:58:08,179 - [root] - INFO -   [coef]  [-0.166667 -0.066667  0.033334  0.133333  0.233333  0.333333  0.433333
  0.533333  0.633334  0.733333]
2026-04-25 19:58:08,179 - [root] - INFO -   [intercept]  [0.]
2026-04-25 19:58:08,180 - [root] - INFO - [client1] Weights updated from global model:
2026-04-25 19:58:08,181 - [root] - INFO - [client1]   coef      = [-0.166667 -0.066667  0.033334  0.133333  0.233333  0.333333  0.433333
  0.533333  0.633334  0.733333]
2026-04-25 19:58:08,181 - [root] - INFO - [client1]   intercept = [0.]
2026-04-25 19:58:10,185 - [root] - INFO - [client1] Local weights (plaintext):
2026-04-25 19:58:10,190 - [root] - INFO -   [coef]  [-0.166667 -0.066667  0.033334  0.133333  0.233333  0.333333  0.433333
  0.533333  0.633334  0.733333]
2026-04-25 19:58:10,192 - [root] - INFO -   [intercept]  [0.]
2026-04-25 19:58:10,195 - [root] - INFO - [client1] Weights quantized and flattened  →  11 integers.
2026-04-25 19:58:10,202 - [root] - INFO - [client1] Masks applied. Sending masked weights to server.
2026-04-25 19:58:10,205 - [root] - INFO - [client1] Masked input Y_u published ✓
2026-04-25 19:58:11,344 - [root] - INFO - 
────────────────────────────────────────────────────────────
2026-04-25 19:58:11,345 - [root] - INFO -   [client1] ROUND 3 — UNMASKING
2026-04-25 19:58:11,346 - [root] - INFO - ────────────────────────────────────────────────────────────
2026-04-25 19:58:11,347 - [root] - INFO - [client1] Survivors: ['client2', 'client3', 'client1']  |  Dropped: none
2026-04-25 19:58:11,349 - [root] - INFO - [client1] Recovery shares sent to server ✓
2026-04-25 19:58:11,599 - [root] - INFO - [Metrics][client1] Round 3 measurement ended (R3 done)
2026-04-25 19:58:24,242 - [root] - INFO - 
────────────────────────────────────────────────────────────
2026-04-25 19:58:24,246 - [root] - INFO -   [client1] ROUND 0 — KEY GENERATION
2026-04-25 19:58:24,250 - [root] - INFO - ────────────────────────────────────────────────────────────
2026-04-25 19:58:24,256 - [root] - INFO - [Metrics][client1] Round 4 measurement started (R0 ignition)
2026-04-25 19:58:24,265 - [root] - INFO - [client1] DH keypairs generated. Public keys sent to server.
2026-04-25 19:58:25,328 - [root] - INFO - 
────────────────────────────────────────────────────────────
2026-04-25 19:58:25,329 - [root] - INFO -   [client1] ROUND 1 — SHARE DISTRIBUTION
2026-04-25 19:58:25,329 - [root] - INFO - ────────────────────────────────────────────────────────────
2026-04-25 19:58:25,330 - [root] - INFO - [client1] Active users: ['client2', 'client1', 'client3']  |  threshold: 2/3
2026-04-25 19:58:25,349 - [root] - INFO - [client1] Encrypted Shamir shares sent to server for routing  →  ['client2', 'client3']
2026-04-25 19:58:25,434 - [root] - INFO - [client1] Share received and decrypted from client2  (1/2)
2026-04-25 19:58:25,437 - [root] - INFO - [client1] Share received and decrypted from client3  (2/2)
2026-04-25 19:58:26,411 - [root] - INFO - 
────────────────────────────────────────────────────────────
2026-04-25 19:58:26,412 - [root] - INFO -   [client1] ROUND 2 — MASKED INPUT GENERATION
2026-04-25 19:58:26,413 - [root] - INFO - ────────────────────────────────────────────────────────────
2026-04-25 19:58:26,417 - [root] - INFO - [client1] Global model received from server.
2026-04-25 19:58:26,418 - [root] - INFO - [client1] Global model:
2026-04-25 19:58:26,425 - [root] - INFO -   [coef]  [-0.166667 -0.066667  0.033333  0.133333  0.233333  0.333333  0.433333
  0.533334  0.633334  0.733333]
2026-04-25 19:58:26,425 - [root] - INFO -   [intercept]  [0.]
2026-04-25 19:58:26,425 - [root] - INFO - [client1] Weights updated from global model:
2026-04-25 19:58:26,426 - [root] - INFO - [client1]   coef      = [-0.166667 -0.066667  0.033333  0.133333  0.233333  0.333333  0.433333
  0.533334  0.633334  0.733333]
2026-04-25 19:58:26,427 - [root] - INFO - [client1]   intercept = [0.]
2026-04-25 19:58:28,429 - [root] - INFO - [client1] Local weights (plaintext):
2026-04-25 19:58:28,433 - [root] - INFO -   [coef]  [-0.166667 -0.066667  0.033333  0.133333  0.233333  0.333333  0.433333
  0.533334  0.633334  0.733333]
2026-04-25 19:58:28,434 - [root] - INFO -   [intercept]  [0.]
2026-04-25 19:58:28,437 - [root] - INFO - [client1] Weights quantized and flattened  →  11 integers.
2026-04-25 19:58:28,440 - [root] - INFO - [client1] Masks applied. Sending masked weights to server.
2026-04-25 19:58:28,446 - [root] - INFO - [client1] Masked input Y_u published ✓
2026-04-25 19:58:29,592 - [root] - INFO - 
────────────────────────────────────────────────────────────
2026-04-25 19:58:29,593 - [root] - INFO -   [client1] ROUND 3 — UNMASKING
2026-04-25 19:58:29,593 - [root] - INFO - ────────────────────────────────────────────────────────────
2026-04-25 19:58:29,594 - [root] - INFO - [client1] Survivors: ['client2', 'client3', 'client1']  |  Dropped: none
2026-04-25 19:58:29,594 - [root] - INFO - [client1] Recovery shares sent to server ✓
2026-04-25 19:58:29,820 - [root] - INFO - [Metrics][client1] Round 4 measurement ended (R3 done)
2026-04-25 19:58:42,425 - [root] - INFO - 
────────────────────────────────────────────────────────────
2026-04-25 19:58:42,429 - [root] - INFO -   [client1] ROUND 0 — KEY GENERATION
2026-04-25 19:58:42,430 - [root] - INFO - ────────────────────────────────────────────────────────────
2026-04-25 19:58:42,434 - [root] - INFO - [Metrics][client1] Round 5 measurement started (R0 ignition)
2026-04-25 19:58:42,437 - [root] - INFO - [client1] DH keypairs generated. Public keys sent to server.
2026-04-25 19:58:43,491 - [root] - INFO - 
────────────────────────────────────────────────────────────
2026-04-25 19:58:43,492 - [root] - INFO -   [client1] ROUND 1 — SHARE DISTRIBUTION
2026-04-25 19:58:43,492 - [root] - INFO - ────────────────────────────────────────────────────────────
2026-04-25 19:58:43,495 - [root] - INFO - [client1] Active users: ['client1', 'client2', 'client3']  |  threshold: 2/3
2026-04-25 19:58:43,514 - [root] - INFO - [client1] Encrypted Shamir shares sent to server for routing  →  ['client2', 'client3']
2026-04-25 19:58:44,581 - [root] - INFO - [client1] Share received and decrypted from client2  (1/2)
2026-04-25 19:58:44,583 - [root] - INFO - [client1] Share received and decrypted from client3  (2/2)
2026-04-25 19:58:44,585 - [root] - INFO - 
────────────────────────────────────────────────────────────
2026-04-25 19:58:44,585 - [root] - INFO -   [client1] ROUND 2 — MASKED INPUT GENERATION
2026-04-25 19:58:44,586 - [root] - INFO - ────────────────────────────────────────────────────────────
2026-04-25 19:58:44,588 - [root] - INFO - [client1] Global model received from server.
2026-04-25 19:58:44,588 - [root] - INFO - [client1] Global model:
2026-04-25 19:58:44,594 - [root] - INFO -   [coef]  [-0.166667 -0.066667  0.033333  0.133333  0.233333  0.333333  0.433333
  0.533334  0.633334  0.733333]
2026-04-25 19:58:44,595 - [root] - INFO -   [intercept]  [0.]
2026-04-25 19:58:44,595 - [root] - INFO - [client1] Weights updated from global model:
2026-04-25 19:58:44,595 - [root] - INFO - [client1]   coef      = [-0.166667 -0.066667  0.033333  0.133333  0.233333  0.333333  0.433333
  0.533334  0.633334  0.733333]
2026-04-25 19:58:44,596 - [root] - INFO - [client1]   intercept = [0.]
2026-04-25 19:58:46,599 - [root] - INFO - [client1] Local weights (plaintext):
2026-04-25 19:58:46,605 - [root] - INFO -   [coef]  [-0.166667 -0.066667  0.033333  0.133333  0.233333  0.333333  0.433333
  0.533334  0.633334  0.733333]
2026-04-25 19:58:46,606 - [root] - INFO -   [intercept]  [0.]
2026-04-25 19:58:46,608 - [root] - INFO - [client1] Weights quantized and flattened  →  11 integers.
2026-04-25 19:58:46,614 - [root] - INFO - [client1] Masks applied. Sending masked weights to server.
2026-04-25 19:58:46,616 - [root] - INFO - [client1] Masked input Y_u published ✓
2026-04-25 19:58:47,681 - [root] - INFO - 
────────────────────────────────────────────────────────────
2026-04-25 19:58:47,683 - [root] - INFO -   [client1] ROUND 3 — UNMASKING
2026-04-25 19:58:47,683 - [root] - INFO - ────────────────────────────────────────────────────────────
2026-04-25 19:58:47,685 - [root] - INFO - [client1] Survivors: ['client2', 'client3', 'client1']  |  Dropped: none
2026-04-25 19:58:47,686 - [root] - INFO - [client1] Recovery shares sent to server ✓
2026-04-25 19:58:47,990 - [root] - INFO - [Metrics][client1] Round 5 measurement ended (R3 done)
2026-04-25 19:59:00,677 - [root] - INFO - 
────────────────────────────────────────────────────────────
2026-04-25 19:59:00,686 - [root] - INFO -   [client1] ROUND 0 — KEY GENERATION
2026-04-25 19:59:00,690 - [root] - INFO - ────────────────────────────────────────────────────────────
2026-04-25 19:59:00,702 - [root] - INFO - [Metrics][client1] Round 6 measurement started (R0 ignition)
2026-04-25 19:59:00,728 - [root] - INFO - [client1] DH keypairs generated. Public keys sent to server.
2026-04-25 19:59:01,839 - [root] - INFO - 
────────────────────────────────────────────────────────────
2026-04-25 19:59:01,844 - [root] - INFO -   [client1] ROUND 1 — SHARE DISTRIBUTION
2026-04-25 19:59:01,845 - [root] - INFO - ────────────────────────────────────────────────────────────
2026-04-25 19:59:01,848 - [root] - INFO - [client1] Active users: ['client2', 'client1', 'client3']  |  threshold: 2/3
2026-04-25 19:59:01,860 - [root] - INFO - [client1] Encrypted Shamir shares sent to server for routing  →  ['client2', 'client3']
2026-04-25 19:59:01,944 - [root] - INFO - [client1] Share received and decrypted from client3  (1/2)
2026-04-25 19:59:01,990 - [root] - INFO - [client1] Share received and decrypted from client2  (2/2)
2026-04-25 19:59:02,912 - [root] - INFO - 
────────────────────────────────────────────────────────────
2026-04-25 19:59:02,913 - [root] - INFO -   [client1] ROUND 2 — MASKED INPUT GENERATION
2026-04-25 19:59:02,913 - [root] - INFO - ────────────────────────────────────────────────────────────
2026-04-25 19:59:02,915 - [root] - INFO - [client1] Global model received from server.
2026-04-25 19:59:02,916 - [root] - INFO - [client1] Global model:
2026-04-25 19:59:02,925 - [root] - INFO -   [coef]  [-0.166667 -0.066667  0.033333  0.133333  0.233333  0.333333  0.433333
  0.533334  0.633334  0.733333]
2026-04-25 19:59:02,926 - [root] - INFO -   [intercept]  [0.]
2026-04-25 19:59:02,926 - [root] - INFO - [client1] Weights updated from global model:
2026-04-25 19:59:02,926 - [root] - INFO - [client1]   coef      = [-0.166667 -0.066667  0.033333  0.133333  0.233333  0.333333  0.433333
  0.533334  0.633334  0.733333]
2026-04-25 19:59:02,926 - [root] - INFO - [client1]   intercept = [0.]
2026-04-25 19:59:04,933 - [root] - INFO - [client1] Local weights (plaintext):
2026-04-25 19:59:04,936 - [root] - INFO -   [coef]  [-0.166667 -0.066667  0.033333  0.133333  0.233333  0.333333  0.433333
  0.533334  0.633334  0.733333]
2026-04-25 19:59:04,937 - [root] - INFO -   [intercept]  [0.]
2026-04-25 19:59:04,939 - [root] - INFO - [client1] Weights quantized and flattened  →  11 integers.
2026-04-25 19:59:04,955 - [root] - INFO - [client1] Masks applied. Sending masked weights to server.
2026-04-25 19:59:04,956 - [root] - INFO - [client1] Masked input Y_u published ✓
2026-04-25 19:59:06,014 - [root] - INFO - 
────────────────────────────────────────────────────────────
2026-04-25 19:59:06,015 - [root] - INFO -   [client1] ROUND 3 — UNMASKING
2026-04-25 19:59:06,015 - [root] - INFO - ────────────────────────────────────────────────────────────
2026-04-25 19:59:06,016 - [root] - INFO - [client1] Survivors: ['client2', 'client3', 'client1']  |  Dropped: none
2026-04-25 19:59:06,018 - [root] - INFO - [client1] Recovery shares sent to server ✓
2026-04-25 19:59:06,267 - [root] - INFO - [Metrics][client1] Round 6 measurement ended (R3 done)
2026-04-25 19:59:18,978 - [root] - INFO - 
────────────────────────────────────────────────────────────
2026-04-25 19:59:18,990 - [root] - INFO -   [client1] ROUND 0 — KEY GENERATION
2026-04-25 19:59:18,991 - [root] - INFO - ────────────────────────────────────────────────────────────
2026-04-25 19:59:19,031 - [root] - INFO - [Metrics][client1] Round 7 measurement started (R0 ignition)
2026-04-25 19:59:19,035 - [root] - INFO - [client1] DH keypairs generated. Public keys sent to server.
2026-04-25 19:59:20,091 - [root] - INFO - 
────────────────────────────────────────────────────────────
2026-04-25 19:59:20,092 - [root] - INFO -   [client1] ROUND 1 — SHARE DISTRIBUTION
2026-04-25 19:59:20,093 - [root] - INFO - ────────────────────────────────────────────────────────────
2026-04-25 19:59:20,094 - [root] - INFO - [client1] Active users: ['client2', 'client1', 'client3']  |  threshold: 2/3
2026-04-25 19:59:20,104 - [root] - INFO - [client1] Encrypted Shamir shares sent to server for routing  →  ['client2', 'client3']
2026-04-25 19:59:21,178 - [root] - INFO - [client1] Share received and decrypted from client2  (1/2)
2026-04-25 19:59:21,180 - [root] - INFO - [client1] Share received and decrypted from client3  (2/2)
2026-04-25 19:59:21,181 - [root] - INFO - 
────────────────────────────────────────────────────────────
2026-04-25 19:59:21,181 - [root] - INFO -   [client1] ROUND 2 — MASKED INPUT GENERATION
2026-04-25 19:59:21,181 - [root] - INFO - ────────────────────────────────────────────────────────────
2026-04-25 19:59:21,184 - [root] - INFO - [client1] Global model received from server.
2026-04-25 19:59:21,185 - [root] - INFO - [client1] Global model:
2026-04-25 19:59:21,186 - [root] - INFO -   [coef]  [-0.166667 -0.066667  0.033333  0.133333  0.233333  0.333333  0.433333
  0.533334  0.633334  0.733333]
2026-04-25 19:59:21,187 - [root] - INFO -   [intercept]  [0.]
2026-04-25 19:59:21,187 - [root] - INFO - [client1] Weights updated from global model:
2026-04-25 19:59:21,188 - [root] - INFO - [client1]   coef      = [-0.166667 -0.066667  0.033333  0.133333  0.233333  0.333333  0.433333
  0.533334  0.633334  0.733333]
2026-04-25 19:59:21,188 - [root] - INFO - [client1]   intercept = [0.]
2026-04-25 19:59:23,192 - [root] - INFO - [client1] Local weights (plaintext):
2026-04-25 19:59:23,193 - [root] - INFO -   [coef]  [-0.166667 -0.066667  0.033333  0.133333  0.233333  0.333333  0.433333
  0.533334  0.633334  0.733333]
2026-04-25 19:59:23,194 - [root] - INFO -   [intercept]  [0.]
2026-04-25 19:59:23,196 - [root] - INFO - [client1] Weights quantized and flattened  →  11 integers.
2026-04-25 19:59:23,199 - [root] - INFO - [client1] Masks applied. Sending masked weights to server.
2026-04-25 19:59:23,201 - [root] - INFO - [client1] Masked input Y_u published ✓
2026-04-25 19:59:24,343 - [root] - INFO - 
────────────────────────────────────────────────────────────
2026-04-25 19:59:24,359 - [root] - INFO -   [client1] ROUND 3 — UNMASKING
2026-04-25 19:59:24,360 - [root] - INFO - ────────────────────────────────────────────────────────────
2026-04-25 19:59:24,360 - [root] - INFO - [client1] Survivors: ['client2', 'client3', 'client1']  |  Dropped: none
2026-04-25 19:59:24,361 - [root] - INFO - [client1] Recovery shares sent to server ✓
2026-04-25 19:59:24,582 - [root] - INFO - [Metrics][client1] Round 7 measurement ended (R3 done)
2026-04-25 19:59:37,211 - [root] - INFO - 
────────────────────────────────────────────────────────────
2026-04-25 19:59:37,214 - [root] - INFO -   [client1] ROUND 0 — KEY GENERATION
2026-04-25 19:59:37,216 - [root] - INFO - ────────────────────────────────────────────────────────────
2026-04-25 19:59:37,225 - [root] - INFO - [Metrics][client1] Round 8 measurement started (R0 ignition)
2026-04-25 19:59:37,229 - [root] - INFO - [client1] DH keypairs generated. Public keys sent to server.
2026-04-25 19:59:38,327 - [root] - INFO - 
────────────────────────────────────────────────────────────
2026-04-25 19:59:38,328 - [root] - INFO -   [client1] ROUND 1 — SHARE DISTRIBUTION
2026-04-25 19:59:38,330 - [root] - INFO - ────────────────────────────────────────────────────────────
2026-04-25 19:59:38,337 - [root] - INFO - [client1] Active users: ['client2', 'client1', 'client3']  |  threshold: 2/3
2026-04-25 19:59:38,348 - [root] - INFO - [client1] Encrypted Shamir shares sent to server for routing  →  ['client2', 'client3']
2026-04-25 19:59:39,483 - [root] - INFO - [client1] Share received and decrypted from client2  (1/2)
2026-04-25 19:59:39,490 - [root] - INFO - [client1] Share received and decrypted from client3  (2/2)
2026-04-25 19:59:39,491 - [root] - INFO - 
────────────────────────────────────────────────────────────
2026-04-25 19:59:39,492 - [root] - INFO -   [client1] ROUND 2 — MASKED INPUT GENERATION
2026-04-25 19:59:39,497 - [root] - INFO - ────────────────────────────────────────────────────────────
2026-04-25 19:59:39,500 - [root] - INFO - [client1] Global model received from server.
2026-04-25 19:59:39,501 - [root] - INFO - [client1] Global model:
2026-04-25 19:59:39,504 - [root] - INFO -   [coef]  [-0.166667 -0.066667  0.033333  0.133333  0.233333  0.333333  0.433333
  0.533334  0.633334  0.733333]
2026-04-25 19:59:39,504 - [root] - INFO -   [intercept]  [0.]
2026-04-25 19:59:39,505 - [root] - INFO - [client1] Weights updated from global model:
2026-04-25 19:59:39,506 - [root] - INFO - [client1]   coef      = [-0.166667 -0.066667  0.033333  0.133333  0.233333  0.333333  0.433333
  0.533334  0.633334  0.733333]
2026-04-25 19:59:39,507 - [root] - INFO - [client1]   intercept = [0.]
2026-04-25 19:59:41,512 - [root] - INFO - [client1] Local weights (plaintext):
2026-04-25 19:59:41,527 - [root] - INFO -   [coef]  [-0.166667 -0.066667  0.033333  0.133333  0.233333  0.333333  0.433333
  0.533334  0.633334  0.733333]
2026-04-25 19:59:41,528 - [root] - INFO -   [intercept]  [0.]
2026-04-25 19:59:41,530 - [root] - INFO - [client1] Weights quantized and flattened  →  11 integers.
2026-04-25 19:59:41,533 - [root] - INFO - [client1] Masks applied. Sending masked weights to server.
2026-04-25 19:59:41,536 - [root] - INFO - [client1] Masked input Y_u published ✓
2026-04-25 19:59:42,559 - [root] - INFO - 
────────────────────────────────────────────────────────────
2026-04-25 19:59:42,560 - [root] - INFO -   [client1] ROUND 3 — UNMASKING
2026-04-25 19:59:42,560 - [root] - INFO - ────────────────────────────────────────────────────────────
2026-04-25 19:59:42,561 - [root] - INFO - [client1] Survivors: ['client2', 'client3', 'client1']  |  Dropped: none
2026-04-25 19:59:42,561 - [root] - INFO - [client1] Recovery shares sent to server ✓
2026-04-25 19:59:42,793 - [root] - INFO - [Metrics][client1] Round 8 measurement ended (R3 done)
2026-04-25 19:59:55,451 - [root] - INFO - 
────────────────────────────────────────────────────────────
2026-04-25 19:59:55,457 - [root] - INFO -   [client1] ROUND 0 — KEY GENERATION
2026-04-25 19:59:55,458 - [root] - INFO - ────────────────────────────────────────────────────────────
2026-04-25 19:59:55,462 - [root] - INFO - [Metrics][client1] Round 9 measurement started (R0 ignition)
2026-04-25 19:59:55,466 - [root] - INFO - [client1] DH keypairs generated. Public keys sent to server.
2026-04-25 19:59:56,531 - [root] - INFO - 
────────────────────────────────────────────────────────────
2026-04-25 19:59:56,532 - [root] - INFO -   [client1] ROUND 1 — SHARE DISTRIBUTION
2026-04-25 19:59:56,533 - [root] - INFO - ────────────────────────────────────────────────────────────
2026-04-25 19:59:56,534 - [root] - INFO - [client1] Active users: ['client2', 'client1', 'client3']  |  threshold: 2/3
2026-04-25 19:59:56,544 - [root] - INFO - [client1] Encrypted Shamir shares sent to server for routing  →  ['client2', 'client3']
2026-04-25 19:59:57,607 - [root] - INFO - [client1] Share received and decrypted from client3  (1/2)
2026-04-25 19:59:57,611 - [root] - INFO - [client1] Share received and decrypted from client2  (2/2)
2026-04-25 19:59:57,612 - [root] - INFO - 
────────────────────────────────────────────────────────────
2026-04-25 19:59:57,613 - [root] - INFO -   [client1] ROUND 2 — MASKED INPUT GENERATION
2026-04-25 19:59:57,613 - [root] - INFO - ────────────────────────────────────────────────────────────
2026-04-25 19:59:57,614 - [root] - INFO - [client1] Global model received from server.
2026-04-25 19:59:57,615 - [root] - INFO - [client1] Global model:
2026-04-25 19:59:57,620 - [root] - INFO -   [coef]  [-0.166667 -0.066668  0.033333  0.133333  0.233333  0.333333  0.433333
  0.533334  0.633334  0.733333]
2026-04-25 19:59:57,621 - [root] - INFO -   [intercept]  [0.]
2026-04-25 19:59:57,621 - [root] - INFO - [client1] Weights updated from global model:
2026-04-25 19:59:57,621 - [root] - INFO - [client1]   coef      = [-0.166667 -0.066668  0.033333  0.133333  0.233333  0.333333  0.433333
  0.533334  0.633334  0.733333]
2026-04-25 19:59:57,622 - [root] - INFO - [client1]   intercept = [0.]
2026-04-25 19:59:59,626 - [root] - INFO - [client1] Local weights (plaintext):
2026-04-25 19:59:59,627 - [root] - INFO -   [coef]  [-0.166667 -0.066668  0.033333  0.133333  0.233333  0.333333  0.433333
  0.533334  0.633334  0.733333]
2026-04-25 19:59:59,628 - [root] - INFO -   [intercept]  [0.]
2026-04-25 19:59:59,629 - [root] - INFO - [client1] Weights quantized and flattened  →  11 integers.
2026-04-25 19:59:59,630 - [root] - INFO - [client1] Masks applied. Sending masked weights to server.
2026-04-25 19:59:59,631 - [root] - INFO - [client1] Masked input Y_u published ✓
2026-04-25 20:00:00,734 - [root] - INFO - 
────────────────────────────────────────────────────────────
2026-04-25 20:00:00,735 - [root] - INFO -   [client1] ROUND 3 — UNMASKING
2026-04-25 20:00:00,735 - [root] - INFO - ────────────────────────────────────────────────────────────
2026-04-25 20:00:00,736 - [root] - INFO - [client1] Survivors: ['client2', 'client3', 'client1']  |  Dropped: none
2026-04-25 20:00:00,739 - [root] - INFO - [client1] Recovery shares sent to server ✓
2026-04-25 20:00:01,010 - [root] - INFO - [Metrics][client1] Round 9 measurement ended (R3 done)
2026-04-25 20:00:13,640 - [root] - INFO - 
────────────────────────────────────────────────────────────
2026-04-25 20:00:13,642 - [root] - INFO -   [client1] ROUND 0 — KEY GENERATION
2026-04-25 20:00:13,643 - [root] - INFO - ────────────────────────────────────────────────────────────
2026-04-25 20:00:13,647 - [root] - INFO - [Metrics][client1] Round 10 measurement started (R0 ignition)
2026-04-25 20:00:13,652 - [root] - INFO - [client1] DH keypairs generated. Public keys sent to server.
2026-04-25 20:00:14,720 - [root] - INFO - 
────────────────────────────────────────────────────────────
2026-04-25 20:00:14,723 - [root] - INFO -   [client1] ROUND 1 — SHARE DISTRIBUTION
2026-04-25 20:00:14,723 - [root] - INFO - ────────────────────────────────────────────────────────────
2026-04-25 20:00:14,724 - [root] - INFO - [client1] Active users: ['client2', 'client3', 'client1']  |  threshold: 2/3
2026-04-25 20:00:14,738 - [root] - INFO - [client1] Encrypted Shamir shares sent to server for routing  →  ['client2', 'client3']
2026-04-25 20:00:14,822 - [root] - INFO - [client1] Share received and decrypted from client2  (1/2)
2026-04-25 20:00:15,798 - [root] - INFO - [client1] Share received and decrypted from client3  (2/2)
2026-04-25 20:00:15,799 - [root] - INFO - 
────────────────────────────────────────────────────────────
2026-04-25 20:00:15,799 - [root] - INFO -   [client1] ROUND 2 — MASKED INPUT GENERATION
2026-04-25 20:00:15,800 - [root] - INFO - ────────────────────────────────────────────────────────────
2026-04-25 20:00:15,801 - [root] - INFO - [client1] Global model received from server.
2026-04-25 20:00:15,803 - [root] - INFO - [client1] Global model:
2026-04-25 20:00:15,808 - [root] - INFO -   [coef]  [-0.166667 -0.066668  0.033333  0.133333  0.233333  0.333333  0.433333
  0.533334  0.633334  0.733333]
2026-04-25 20:00:15,808 - [root] - INFO -   [intercept]  [0.]
2026-04-25 20:00:15,808 - [root] - INFO - [client1] Weights updated from global model:
2026-04-25 20:00:15,808 - [root] - INFO - [client1]   coef      = [-0.166667 -0.066668  0.033333  0.133333  0.233333  0.333333  0.433333
  0.533334  0.633334  0.733333]
2026-04-25 20:00:15,808 - [root] - INFO - [client1]   intercept = [0.]
2026-04-25 20:00:17,813 - [root] - INFO - [client1] Local weights (plaintext):
2026-04-25 20:00:17,826 - [root] - INFO -   [coef]  [-0.166667 -0.066668  0.033333  0.133333  0.233333  0.333333  0.433333
  0.533334  0.633334  0.733333]
2026-04-25 20:00:17,828 - [root] - INFO -   [intercept]  [0.]
2026-04-25 20:00:17,832 - [root] - INFO - [client1] Weights quantized and flattened  →  11 integers.
2026-04-25 20:00:17,840 - [root] - INFO - [client1] Masks applied. Sending masked weights to server.
2026-04-25 20:00:17,843 - [root] - INFO - [client1] Masked input Y_u published ✓
2026-04-25 20:00:18,938 - [root] - INFO - 
────────────────────────────────────────────────────────────
2026-04-25 20:00:18,939 - [root] - INFO -   [client1] ROUND 3 — UNMASKING
2026-04-25 20:00:18,940 - [root] - INFO - ────────────────────────────────────────────────────────────
2026-04-25 20:00:18,940 - [root] - INFO - [client1] Survivors: ['client2', 'client3', 'client1']  |  Dropped: none
2026-04-25 20:00:18,942 - [root] - INFO - [client1] Recovery shares sent to server ✓
2026-04-25 20:00:19,231 - [root] - INFO - [Metrics][client1] Round 10 measurement ended (R3 done)
2026-04-25 20:00:31,840 - [root] - INFO - 
────────────────────────────────────────────────────────────
2026-04-25 20:00:31,844 - [root] - INFO -   [client1] ROUND 0 — KEY GENERATION
2026-04-25 20:00:31,845 - [root] - INFO - ────────────────────────────────────────────────────────────
2026-04-25 20:00:31,849 - [root] - INFO - [Metrics][client1] Round 11 measurement started (R0 ignition)
2026-04-25 20:00:31,850 - [root] - INFO - [client1] DH keypairs generated. Public keys sent to server.
2026-04-25 20:00:32,950 - [root] - INFO - 
────────────────────────────────────────────────────────────
2026-04-25 20:00:32,951 - [root] - INFO -   [client1] ROUND 1 — SHARE DISTRIBUTION
2026-04-25 20:00:32,952 - [root] - INFO - ────────────────────────────────────────────────────────────
2026-04-25 20:00:32,953 - [root] - INFO - [client1] Active users: ['client1', 'client2', 'client3']  |  threshold: 2/3
2026-04-25 20:00:32,963 - [root] - INFO - [client1] Encrypted Shamir shares sent to server for routing  →  ['client2', 'client3']
2026-04-25 20:00:34,031 - [root] - INFO - [client1] Share received and decrypted from client3  (1/2)
2026-04-25 20:00:34,033 - [root] - INFO - [client1] Share received and decrypted from client2  (2/2)
2026-04-25 20:00:34,034 - [root] - INFO - 
────────────────────────────────────────────────────────────
2026-04-25 20:00:34,034 - [root] - INFO -   [client1] ROUND 2 — MASKED INPUT GENERATION
2026-04-25 20:00:34,037 - [root] - INFO - ────────────────────────────────────────────────────────────
2026-04-25 20:00:34,037 - [root] - INFO - [client1] Global model received from server.
2026-04-25 20:00:34,037 - [root] - INFO - [client1] Global model:
2026-04-25 20:00:34,045 - [root] - INFO -   [coef]  [-0.166667 -0.066668  0.033333  0.133333  0.233333  0.333333  0.433333
  0.533334  0.633334  0.733333]
2026-04-25 20:00:34,046 - [root] - INFO -   [intercept]  [0.]
2026-04-25 20:00:34,046 - [root] - INFO - [client1] Weights updated from global model:
2026-04-25 20:00:34,046 - [root] - INFO - [client1]   coef      = [-0.166667 -0.066668  0.033333  0.133333  0.233333  0.333333  0.433333
  0.533334  0.633334  0.733333]
2026-04-25 20:00:34,046 - [root] - INFO - [client1]   intercept = [0.]
2026-04-25 20:00:36,047 - [root] - INFO - [client1] Local weights (plaintext):
2026-04-25 20:00:36,050 - [root] - INFO -   [coef]  [-0.166667 -0.066668  0.033333  0.133333  0.233333  0.333333  0.433333
  0.533334  0.633334  0.733333]
2026-04-25 20:00:36,051 - [root] - INFO -   [intercept]  [0.]
2026-04-25 20:00:36,053 - [root] - INFO - [client1] Weights quantized and flattened  →  11 integers.
2026-04-25 20:00:36,056 - [root] - INFO - [client1] Masks applied. Sending masked weights to server.
2026-04-25 20:00:36,057 - [root] - INFO - [client1] Masked input Y_u published ✓
2026-04-25 20:00:37,111 - [root] - INFO - 
────────────────────────────────────────────────────────────
2026-04-25 20:00:37,113 - [root] - INFO -   [client1] ROUND 3 — UNMASKING
2026-04-25 20:00:37,113 - [root] - INFO - ────────────────────────────────────────────────────────────
2026-04-25 20:00:37,114 - [root] - INFO - [client1] Survivors: ['client2', 'client3', 'client1']  |  Dropped: none
2026-04-25 20:00:37,116 - [root] - INFO - [client1] Recovery shares sent to server ✓
2026-04-25 20:00:37,411 - [root] - INFO - [Metrics][client1] Round 11 measurement ended (R3 done)
2026-04-25 20:00:50,013 - [root] - INFO - 
────────────────────────────────────────────────────────────
2026-04-25 20:00:50,015 - [root] - INFO -   [client1] ROUND 0 — KEY GENERATION
2026-04-25 20:00:50,015 - [root] - INFO - ────────────────────────────────────────────────────────────
2026-04-25 20:00:50,023 - [root] - INFO - [Metrics][client1] Round 12 measurement started (R0 ignition)
2026-04-25 20:00:50,031 - [root] - INFO - [client1] DH keypairs generated. Public keys sent to server.
2026-04-25 20:00:51,086 - [root] - INFO - 
────────────────────────────────────────────────────────────
2026-04-25 20:00:51,087 - [root] - INFO -   [client1] ROUND 1 — SHARE DISTRIBUTION
2026-04-25 20:00:51,088 - [root] - INFO - ────────────────────────────────────────────────────────────
2026-04-25 20:00:51,089 - [root] - INFO - [client1] Active users: ['client2', 'client3', 'client1']  |  threshold: 2/3
2026-04-25 20:00:51,118 - [root] - INFO - [client1] Encrypted Shamir shares sent to server for routing  →  ['client2', 'client3']
2026-04-25 20:00:52,200 - [root] - INFO - [client1] Share received and decrypted from client3  (1/2)
2026-04-25 20:00:52,202 - [root] - INFO - [client1] Share received and decrypted from client2  (2/2)
2026-04-25 20:00:52,202 - [root] - INFO - 
────────────────────────────────────────────────────────────
2026-04-25 20:00:52,203 - [root] - INFO -   [client1] ROUND 2 — MASKED INPUT GENERATION
2026-04-25 20:00:52,203 - [root] - INFO - ────────────────────────────────────────────────────────────
2026-04-25 20:00:52,204 - [root] - INFO - [client1] Global model received from server.
2026-04-25 20:00:52,204 - [root] - INFO - [client1] Global model:
2026-04-25 20:00:52,210 - [root] - INFO -   [coef]  [-0.166667 -0.066668  0.033333  0.133333  0.233333  0.333333  0.433333
  0.533334  0.633334  0.733333]
2026-04-25 20:00:52,210 - [root] - INFO -   [intercept]  [0.]
2026-04-25 20:00:52,210 - [root] - INFO - [client1] Weights updated from global model:
2026-04-25 20:00:52,210 - [root] - INFO - [client1]   coef      = [-0.166667 -0.066668  0.033333  0.133333  0.233333  0.333333  0.433333
  0.533334  0.633334  0.733333]
2026-04-25 20:00:52,210 - [root] - INFO - [client1]   intercept = [0.]
2026-04-25 20:00:54,215 - [root] - INFO - [client1] Local weights (plaintext):
2026-04-25 20:00:54,218 - [root] - INFO -   [coef]  [-0.166667 -0.066668  0.033333  0.133333  0.233333  0.333333  0.433333
  0.533334  0.633334  0.733333]
2026-04-25 20:00:54,219 - [root] - INFO -   [intercept]  [0.]
2026-04-25 20:00:54,221 - [root] - INFO - [client1] Weights quantized and flattened  →  11 integers.
2026-04-25 20:00:54,226 - [root] - INFO - [client1] Masks applied. Sending masked weights to server.
2026-04-25 20:00:54,229 - [root] - INFO - [client1] Masked input Y_u published ✓
2026-04-25 20:00:55,331 - [root] - INFO - 
────────────────────────────────────────────────────────────
2026-04-25 20:00:55,332 - [root] - INFO -   [client1] ROUND 3 — UNMASKING
2026-04-25 20:00:55,333 - [root] - INFO - ────────────────────────────────────────────────────────────
2026-04-25 20:00:55,334 - [root] - INFO - [client1] Survivors: ['client2', 'client3', 'client1']  |  Dropped: none
2026-04-25 20:00:55,335 - [root] - INFO - [client1] Recovery shares sent to server ✓
2026-04-25 20:00:55,573 - [root] - INFO - [Metrics][client1] Round 12 measurement ended (R3 done)
2026-04-25 20:01:07,705 - [root] - INFO - 
────────────────────────────────────────────────────────────
2026-04-25 20:01:07,710 - [root] - INFO -   [client1] ROUND 0 — KEY GENERATION
2026-04-25 20:01:07,711 - [root] - INFO - ────────────────────────────────────────────────────────────
2026-04-25 20:01:07,724 - [root] - INFO - [Metrics][client1] Round 13 measurement started (R0 ignition)
2026-04-25 20:01:07,727 - [root] - INFO - [client1] DH keypairs generated. Public keys sent to server.
2026-04-25 20:01:08,827 - [root] - INFO - 
────────────────────────────────────────────────────────────
2026-04-25 20:01:08,827 - [root] - INFO -   [client1] ROUND 1 — SHARE DISTRIBUTION
2026-04-25 20:01:08,829 - [root] - INFO - ────────────────────────────────────────────────────────────
2026-04-25 20:01:08,832 - [root] - INFO - [client1] Active users: ['client1', 'client2', 'client3']  |  threshold: 2/3
2026-04-25 20:01:08,842 - [root] - INFO - [client1] Encrypted Shamir shares sent to server for routing  →  ['client2', 'client3']
2026-04-25 20:01:09,914 - [root] - INFO - [client1] Share received and decrypted from client2  (1/2)
2026-04-25 20:01:09,916 - [root] - INFO - [client1] Share received and decrypted from client3  (2/2)
2026-04-25 20:01:09,917 - [root] - INFO - 
────────────────────────────────────────────────────────────
2026-04-25 20:01:09,918 - [root] - INFO -   [client1] ROUND 2 — MASKED INPUT GENERATION
2026-04-25 20:01:09,918 - [root] - INFO - ────────────────────────────────────────────────────────────
2026-04-25 20:01:09,922 - [root] - INFO - [client1] Global model received from server.
2026-04-25 20:01:09,922 - [root] - INFO - [client1] Global model:
2026-04-25 20:01:09,930 - [root] - INFO -   [coef]  [-0.166667 -0.066668  0.033333  0.133333  0.233333  0.333333  0.433333
  0.533334  0.633334  0.733333]
2026-04-25 20:01:09,931 - [root] - INFO -   [intercept]  [0.]
2026-04-25 20:01:09,931 - [root] - INFO - [client1] Weights updated from global model:
2026-04-25 20:01:09,931 - [root] - INFO - [client1]   coef      = [-0.166667 -0.066668  0.033333  0.133333  0.233333  0.333333  0.433333
  0.533334  0.633334  0.733333]
2026-04-25 20:01:09,932 - [root] - INFO - [client1]   intercept = [0.]
2026-04-25 20:01:11,939 - [root] - INFO - [client1] Local weights (plaintext):
2026-04-25 20:01:11,943 - [root] - INFO -   [coef]  [-0.166667 -0.066668  0.033333  0.133333  0.233333  0.333333  0.433333
  0.533334  0.633334  0.733333]
2026-04-25 20:01:11,961 - [root] - INFO -   [intercept]  [0.]
2026-04-25 20:01:11,964 - [root] - INFO - [client1] Weights quantized and flattened  →  11 integers.
2026-04-25 20:01:11,966 - [root] - INFO - [client1] Masks applied. Sending masked weights to server.
2026-04-25 20:01:11,967 - [root] - INFO - [client1] Masked input Y_u published ✓
2026-04-25 20:01:13,118 - [root] - INFO - 
────────────────────────────────────────────────────────────
2026-04-25 20:01:13,119 - [root] - INFO -   [client1] ROUND 3 — UNMASKING
2026-04-25 20:01:13,120 - [root] - INFO - ────────────────────────────────────────────────────────────
2026-04-25 20:01:13,122 - [root] - INFO - [client1] Survivors: ['client2', 'client3', 'client1']  |  Dropped: none
2026-04-25 20:01:13,124 - [root] - INFO - [client1] Recovery shares sent to server ✓
2026-04-25 20:01:13,290 - [root] - INFO - [Metrics][client1] Round 13 measurement ended (R3 done)
2026-04-25 20:01:25,900 - [root] - INFO - 
────────────────────────────────────────────────────────────
2026-04-25 20:01:25,903 - [root] - INFO -   [client1] ROUND 0 — KEY GENERATION
2026-04-25 20:01:25,903 - [root] - INFO - ────────────────────────────────────────────────────────────
2026-04-25 20:01:25,912 - [root] - INFO - [Metrics][client1] Round 14 measurement started (R0 ignition)
2026-04-25 20:01:25,918 - [root] - INFO - [client1] DH keypairs generated. Public keys sent to server.
2026-04-25 20:01:27,012 - [root] - INFO - 
────────────────────────────────────────────────────────────
2026-04-25 20:01:27,012 - [root] - INFO -   [client1] ROUND 1 — SHARE DISTRIBUTION
2026-04-25 20:01:27,013 - [root] - INFO - ────────────────────────────────────────────────────────────
2026-04-25 20:01:27,013 - [root] - INFO - [client1] Active users: ['client2', 'client1', 'client3']  |  threshold: 2/3
2026-04-25 20:01:27,021 - [root] - INFO - [client1] Encrypted Shamir shares sent to server for routing  →  ['client2', 'client3']
2026-04-25 20:01:28,084 - [root] - INFO - [client1] Share received and decrypted from client2  (1/2)
2026-04-25 20:01:28,127 - [root] - INFO - [client1] Share received and decrypted from client3  (2/2)
2026-04-25 20:01:28,129 - [root] - INFO - 
────────────────────────────────────────────────────────────
2026-04-25 20:01:28,132 - [root] - INFO -   [client1] ROUND 2 — MASKED INPUT GENERATION
2026-04-25 20:01:28,133 - [root] - INFO - ────────────────────────────────────────────────────────────
2026-04-25 20:01:28,134 - [root] - INFO - [client1] Global model received from server.
2026-04-25 20:01:28,135 - [root] - INFO - [client1] Global model:
2026-04-25 20:01:28,143 - [root] - INFO -   [coef]  [-0.166667 -0.066668  0.033333  0.133333  0.233333  0.333333  0.433333
  0.533334  0.633334  0.733333]
2026-04-25 20:01:28,146 - [root] - INFO -   [intercept]  [0.]
2026-04-25 20:01:28,147 - [root] - INFO - [client1] Weights updated from global model:
2026-04-25 20:01:28,148 - [root] - INFO - [client1]   coef      = [-0.166667 -0.066668  0.033333  0.133333  0.233333  0.333333  0.433333
  0.533334  0.633334  0.733333]
2026-04-25 20:01:28,148 - [root] - INFO - [client1]   intercept = [0.]
2026-04-25 20:01:30,152 - [root] - INFO - [client1] Local weights (plaintext):
2026-04-25 20:01:30,157 - [root] - INFO -   [coef]  [-0.166667 -0.066668  0.033333  0.133333  0.233333  0.333333  0.433333
  0.533334  0.633334  0.733333]
2026-04-25 20:01:30,159 - [root] - INFO -   [intercept]  [0.]
2026-04-25 20:01:30,162 - [root] - INFO - [client1] Weights quantized and flattened  →  11 integers.
2026-04-25 20:01:30,167 - [root] - INFO - [client1] Masks applied. Sending masked weights to server.
2026-04-25 20:01:30,173 - [root] - INFO - [client1] Masked input Y_u published ✓
2026-04-25 20:01:31,277 - [root] - INFO - 
────────────────────────────────────────────────────────────
2026-04-25 20:01:31,277 - [root] - INFO -   [client1] ROUND 3 — UNMASKING
2026-04-25 20:01:31,278 - [root] - INFO - ────────────────────────────────────────────────────────────
2026-04-25 20:01:31,279 - [root] - INFO - [client1] Survivors: ['client2', 'client3', 'client1']  |  Dropped: none
2026-04-25 20:01:31,280 - [root] - INFO - [client1] Recovery shares sent to server ✓
2026-04-25 20:01:31,469 - [root] - INFO - [Metrics][client1] Round 14 measurement ended (R3 done)
2026-04-25 20:01:44,108 - [root] - INFO - 
────────────────────────────────────────────────────────────
2026-04-25 20:01:44,112 - [root] - INFO -   [client1] ROUND 0 — KEY GENERATION
2026-04-25 20:01:44,115 - [root] - INFO - ────────────────────────────────────────────────────────────
2026-04-25 20:01:44,122 - [root] - INFO - [Metrics][client1] Round 15 measurement started (R0 ignition)
2026-04-25 20:01:44,130 - [root] - INFO - [client1] DH keypairs generated. Public keys sent to server.
2026-04-25 20:01:45,179 - [root] - INFO - 
────────────────────────────────────────────────────────────
2026-04-25 20:01:45,179 - [root] - INFO -   [client1] ROUND 1 — SHARE DISTRIBUTION
2026-04-25 20:01:45,180 - [root] - INFO - ────────────────────────────────────────────────────────────
2026-04-25 20:01:45,180 - [root] - INFO - [client1] Active users: ['client2', 'client3', 'client1']  |  threshold: 2/3
2026-04-25 20:01:45,191 - [root] - INFO - [client1] Encrypted Shamir shares sent to server for routing  →  ['client2', 'client3']
2026-04-25 20:01:46,252 - [root] - INFO - [client1] Share received and decrypted from client2  (1/2)
2026-04-25 20:01:46,255 - [root] - INFO - [client1] Share received and decrypted from client3  (2/2)
2026-04-25 20:01:46,257 - [root] - INFO - 
────────────────────────────────────────────────────────────
2026-04-25 20:01:46,257 - [root] - INFO -   [client1] ROUND 2 — MASKED INPUT GENERATION
2026-04-25 20:01:46,258 - [root] - INFO - ────────────────────────────────────────────────────────────
2026-04-25 20:01:46,258 - [root] - INFO - [client1] Global model received from server.
2026-04-25 20:01:46,259 - [root] - INFO - [client1] Global model:
2026-04-25 20:01:46,261 - [root] - INFO -   [coef]  [-0.166667 -0.066668  0.033333  0.133333  0.233333  0.333333  0.433333
  0.533334  0.633334  0.733333]
2026-04-25 20:01:46,262 - [root] - INFO -   [intercept]  [0.]
2026-04-25 20:01:46,262 - [root] - INFO - [client1] Weights updated from global model:
2026-04-25 20:01:46,263 - [root] - INFO - [client1]   coef      = [-0.166667 -0.066668  0.033333  0.133333  0.233333  0.333333  0.433333
  0.533334  0.633334  0.733333]
2026-04-25 20:01:46,263 - [root] - INFO - [client1]   intercept = [0.]
2026-04-25 20:01:48,297 - [root] - INFO - [client1] Local weights (plaintext):
2026-04-25 20:01:48,306 - [root] - INFO -   [coef]  [-0.166667 -0.066668  0.033333  0.133333  0.233333  0.333333  0.433333
  0.533334  0.633334  0.733333]
2026-04-25 20:01:48,307 - [root] - INFO -   [intercept]  [0.]
2026-04-25 20:01:48,311 - [root] - INFO - [client1] Weights quantized and flattened  →  11 integers.
2026-04-25 20:01:48,315 - [root] - INFO - [client1] Masks applied. Sending masked weights to server.
2026-04-25 20:01:48,327 - [root] - INFO - [client1] Masked input Y_u published ✓
2026-04-25 20:01:49,443 - [root] - INFO - 
────────────────────────────────────────────────────────────
2026-04-25 20:01:49,445 - [root] - INFO -   [client1] ROUND 3 — UNMASKING
2026-04-25 20:01:49,447 - [root] - INFO - ────────────────────────────────────────────────────────────
2026-04-25 20:01:49,449 - [root] - INFO - [client1] Survivors: ['client2', 'client3', 'client1']  |  Dropped: none
2026-04-25 20:01:49,451 - [root] - INFO - [client1] Recovery shares sent to server ✓
2026-04-25 20:01:49,709 - [root] - INFO - [Metrics][client1] Round 15 measurement ended (R3 done)
2026-04-25 20:02:02,311 - [root] - INFO - 
────────────────────────────────────────────────────────────
2026-04-25 20:02:02,313 - [root] - INFO -   [client1] ROUND 0 — KEY GENERATION
2026-04-25 20:02:02,314 - [root] - INFO - ────────────────────────────────────────────────────────────
2026-04-25 20:02:02,320 - [root] - INFO - [Metrics][client1] Round 16 measurement started (R0 ignition)
2026-04-25 20:02:02,322 - [root] - INFO - [client1] DH keypairs generated. Public keys sent to server.
2026-04-25 20:02:03,373 - [root] - INFO - 
────────────────────────────────────────────────────────────
2026-04-25 20:02:03,374 - [root] - INFO -   [client1] ROUND 1 — SHARE DISTRIBUTION
2026-04-25 20:02:03,374 - [root] - INFO - ────────────────────────────────────────────────────────────
2026-04-25 20:02:03,375 - [root] - INFO - [client1] Active users: ['client2', 'client1', 'client3']  |  threshold: 2/3
2026-04-25 20:02:03,387 - [root] - INFO - [client1] Encrypted Shamir shares sent to server for routing  →  ['client2', 'client3']
2026-04-25 20:02:04,444 - [root] - INFO - [client1] Share received and decrypted from client3  (1/2)
2026-04-25 20:02:04,446 - [root] - INFO - [client1] Share received and decrypted from client2  (2/2)
2026-04-25 20:02:04,447 - [root] - INFO - 
────────────────────────────────────────────────────────────
2026-04-25 20:02:04,448 - [root] - INFO -   [client1] ROUND 2 — MASKED INPUT GENERATION
2026-04-25 20:02:04,448 - [root] - INFO - ────────────────────────────────────────────────────────────
2026-04-25 20:02:04,449 - [root] - INFO - [client1] Global model received from server.
2026-04-25 20:02:04,450 - [root] - INFO - [client1] Global model:
2026-04-25 20:02:04,451 - [root] - INFO -   [coef]  [-0.166667 -0.066668  0.033333  0.133333  0.233333  0.333333  0.433333
  0.533334  0.633334  0.733333]
2026-04-25 20:02:04,452 - [root] - INFO -   [intercept]  [0.]
2026-04-25 20:02:04,452 - [root] - INFO - [client1] Weights updated from global model:
2026-04-25 20:02:04,452 - [root] - INFO - [client1]   coef      = [-0.166667 -0.066668  0.033333  0.133333  0.233333  0.333333  0.433333
  0.533334  0.633334  0.733333]
2026-04-25 20:02:04,453 - [root] - INFO - [client1]   intercept = [0.]
2026-04-25 20:02:06,457 - [root] - INFO - [client1] Local weights (plaintext):
2026-04-25 20:02:06,460 - [root] - INFO -   [coef]  [-0.166667 -0.066668  0.033333  0.133333  0.233333  0.333333  0.433333
  0.533334  0.633334  0.733333]
2026-04-25 20:02:06,461 - [root] - INFO -   [intercept]  [0.]
2026-04-25 20:02:06,467 - [root] - INFO - [client1] Weights quantized and flattened  →  11 integers.
2026-04-25 20:02:06,471 - [root] - INFO - [client1] Masks applied. Sending masked weights to server.
2026-04-25 20:02:06,472 - [root] - INFO - [client1] Masked input Y_u published ✓
2026-04-25 20:02:07,529 - [root] - INFO - 
────────────────────────────────────────────────────────────
2026-04-25 20:02:07,530 - [root] - INFO -   [client1] ROUND 3 — UNMASKING
2026-04-25 20:02:07,531 - [root] - INFO - ────────────────────────────────────────────────────────────
2026-04-25 20:02:07,531 - [root] - INFO - [client1] Survivors: ['client2', 'client3', 'client1']  |  Dropped: none
2026-04-25 20:02:07,532 - [root] - INFO - [client1] Recovery shares sent to server ✓
2026-04-25 20:02:07,878 - [root] - INFO - [Metrics][client1] Round 16 measurement ended (R3 done)
2026-04-25 20:02:20,494 - [root] - INFO - 
────────────────────────────────────────────────────────────
2026-04-25 20:02:20,498 - [root] - INFO -   [client1] ROUND 0 — KEY GENERATION
2026-04-25 20:02:20,499 - [root] - INFO - ────────────────────────────────────────────────────────────
2026-04-25 20:02:20,503 - [root] - INFO - [Metrics][client1] Round 17 measurement started (R0 ignition)
2026-04-25 20:02:20,506 - [root] - INFO - [client1] DH keypairs generated. Public keys sent to server.
2026-04-25 20:02:21,574 - [root] - INFO - 
────────────────────────────────────────────────────────────
2026-04-25 20:02:21,575 - [root] - INFO -   [client1] ROUND 1 — SHARE DISTRIBUTION
2026-04-25 20:02:21,576 - [root] - INFO - ────────────────────────────────────────────────────────────
2026-04-25 20:02:21,577 - [root] - INFO - [client1] Active users: ['client1', 'client3', 'client2']  |  threshold: 2/3
2026-04-25 20:02:21,592 - [root] - INFO - [client1] Encrypted Shamir shares sent to server for routing  →  ['client3', 'client2']
2026-04-25 20:02:21,682 - [root] - INFO - [client1] Share received and decrypted from client3  (1/2)
2026-04-25 20:02:22,651 - [root] - INFO - [client1] Share received and decrypted from client2  (2/2)
2026-04-25 20:02:22,653 - [root] - INFO - 
────────────────────────────────────────────────────────────
2026-04-25 20:02:22,653 - [root] - INFO -   [client1] ROUND 2 — MASKED INPUT GENERATION
2026-04-25 20:02:22,654 - [root] - INFO - ────────────────────────────────────────────────────────────
2026-04-25 20:02:22,656 - [root] - INFO - [client1] Global model received from server.
2026-04-25 20:02:22,656 - [root] - INFO - [client1] Global model:
2026-04-25 20:02:22,659 - [root] - INFO -   [coef]  [-0.166667 -0.066668  0.033333  0.133333  0.233333  0.333333  0.433333
  0.533334  0.633334  0.733333]
2026-04-25 20:02:22,659 - [root] - INFO -   [intercept]  [0.]
2026-04-25 20:02:22,660 - [root] - INFO - [client1] Weights updated from global model:
2026-04-25 20:02:22,661 - [root] - INFO - [client1]   coef      = [-0.166667 -0.066668  0.033333  0.133333  0.233333  0.333333  0.433333
  0.533334  0.633334  0.733333]
2026-04-25 20:02:22,661 - [root] - INFO - [client1]   intercept = [0.]
2026-04-25 20:02:24,666 - [root] - INFO - [client1] Local weights (plaintext):
2026-04-25 20:02:24,670 - [root] - INFO -   [coef]  [-0.166667 -0.066668  0.033333  0.133333  0.233333  0.333333  0.433333
  0.533334  0.633334  0.733333]
2026-04-25 20:02:24,672 - [root] - INFO -   [intercept]  [0.]
2026-04-25 20:02:24,686 - [root] - INFO - [client1] Weights quantized and flattened  →  11 integers.
2026-04-25 20:02:24,688 - [root] - INFO - [client1] Masks applied. Sending masked weights to server.
2026-04-25 20:02:24,690 - [root] - INFO - [client1] Masked input Y_u published ✓
2026-04-25 20:02:25,803 - [root] - INFO - 
────────────────────────────────────────────────────────────
2026-04-25 20:02:25,804 - [root] - INFO -   [client1] ROUND 3 — UNMASKING
2026-04-25 20:02:25,808 - [root] - INFO - ────────────────────────────────────────────────────────────
2026-04-25 20:02:25,810 - [root] - INFO - [client1] Survivors: ['client2', 'client3', 'client1']  |  Dropped: none
2026-04-25 20:02:25,813 - [root] - INFO - [client1] Recovery shares sent to server ✓
2026-04-25 20:02:26,068 - [root] - INFO - [Metrics][client1] Round 17 measurement ended (R3 done)
2026-04-25 20:02:38,692 - [root] - INFO - 
────────────────────────────────────────────────────────────
2026-04-25 20:02:38,696 - [root] - INFO -   [client1] ROUND 0 — KEY GENERATION
2026-04-25 20:02:38,697 - [root] - INFO - ────────────────────────────────────────────────────────────
2026-04-25 20:02:38,702 - [root] - INFO - [Metrics][client1] Round 18 measurement started (R0 ignition)
2026-04-25 20:02:38,708 - [root] - INFO - [client1] DH keypairs generated. Public keys sent to server.
2026-04-25 20:02:39,762 - [root] - INFO - 
────────────────────────────────────────────────────────────
2026-04-25 20:02:39,763 - [root] - INFO -   [client1] ROUND 1 — SHARE DISTRIBUTION
2026-04-25 20:02:39,763 - [root] - INFO - ────────────────────────────────────────────────────────────
2026-04-25 20:02:39,764 - [root] - INFO - [client1] Active users: ['client2', 'client3', 'client1']  |  threshold: 2/3
2026-04-25 20:02:39,769 - [root] - INFO - [client1] Encrypted Shamir shares sent to server for routing  →  ['client2', 'client3']
2026-04-25 20:02:40,830 - [root] - INFO - [client1] Share received and decrypted from client2  (1/2)
2026-04-25 20:02:40,833 - [root] - INFO - [client1] Share received and decrypted from client3  (2/2)
2026-04-25 20:02:40,877 - [root] - INFO - 
────────────────────────────────────────────────────────────
2026-04-25 20:02:40,877 - [root] - INFO -   [client1] ROUND 2 — MASKED INPUT GENERATION
2026-04-25 20:02:40,877 - [root] - INFO - ────────────────────────────────────────────────────────────
2026-04-25 20:02:40,877 - [root] - INFO - [client1] Global model received from server.
2026-04-25 20:02:40,878 - [root] - INFO - [client1] Global model:
2026-04-25 20:02:40,879 - [root] - INFO -   [coef]  [-0.166667 -0.066668  0.033333  0.133333  0.233333  0.333333  0.433333
  0.533334  0.633334  0.733333]
2026-04-25 20:02:40,879 - [root] - INFO -   [intercept]  [0.]
2026-04-25 20:02:40,879 - [root] - INFO - [client1] Weights updated from global model:
2026-04-25 20:02:40,879 - [root] - INFO - [client1]   coef      = [-0.166667 -0.066668  0.033333  0.133333  0.233333  0.333333  0.433333
  0.533334  0.633334  0.733333]
2026-04-25 20:02:40,880 - [root] - INFO - [client1]   intercept = [0.]
2026-04-25 20:02:42,884 - [root] - INFO - [client1] Local weights (plaintext):
2026-04-25 20:02:42,885 - [root] - INFO -   [coef]  [-0.166667 -0.066668  0.033333  0.133333  0.233333  0.333333  0.433333
  0.533334  0.633334  0.733333]
2026-04-25 20:02:42,885 - [root] - INFO -   [intercept]  [0.]
2026-04-25 20:02:42,886 - [root] - INFO - [client1] Weights quantized and flattened  →  11 integers.
2026-04-25 20:02:42,887 - [root] - INFO - [client1] Masks applied. Sending masked weights to server.
2026-04-25 20:02:42,888 - [root] - INFO - [client1] Masked input Y_u published ✓
2026-04-25 20:02:44,027 - [root] - INFO - 
────────────────────────────────────────────────────────────
2026-04-25 20:02:44,029 - [root] - INFO -   [client1] ROUND 3 — UNMASKING
2026-04-25 20:02:44,029 - [root] - INFO - ────────────────────────────────────────────────────────────
2026-04-25 20:02:44,031 - [root] - INFO - [client1] Survivors: ['client2', 'client3', 'client1']  |  Dropped: none
2026-04-25 20:02:44,034 - [root] - INFO - [client1] Recovery shares sent to server ✓
2026-04-25 20:02:44,262 - [root] - INFO - [Metrics][client1] Round 18 measurement ended (R3 done)
2026-04-25 20:02:56,899 - [root] - INFO - 
────────────────────────────────────────────────────────────
2026-04-25 20:02:56,904 - [root] - INFO -   [client1] ROUND 0 — KEY GENERATION
2026-04-25 20:02:56,905 - [root] - INFO - ────────────────────────────────────────────────────────────
2026-04-25 20:02:56,908 - [root] - INFO - [Metrics][client1] Round 19 measurement started (R0 ignition)
2026-04-25 20:02:56,910 - [root] - INFO - [client1] DH keypairs generated. Public keys sent to server.
2026-04-25 20:02:57,963 - [root] - INFO - 
────────────────────────────────────────────────────────────
2026-04-25 20:02:57,964 - [root] - INFO -   [client1] ROUND 1 — SHARE DISTRIBUTION
2026-04-25 20:02:57,965 - [root] - INFO - ────────────────────────────────────────────────────────────
2026-04-25 20:02:57,966 - [root] - INFO - [client1] Active users: ['client2', 'client3', 'client1']  |  threshold: 2/3
2026-04-25 20:02:57,983 - [root] - INFO - [client1] Encrypted Shamir shares sent to server for routing  →  ['client2', 'client3']
2026-04-25 20:02:59,046 - [root] - INFO - [client1] Share received and decrypted from client2  (1/2)
2026-04-25 20:02:59,048 - [root] - INFO - [client1] Share received and decrypted from client3  (2/2)
2026-04-25 20:02:59,049 - [root] - INFO - 
────────────────────────────────────────────────────────────
2026-04-25 20:02:59,049 - [root] - INFO -   [client1] ROUND 2 — MASKED INPUT GENERATION
2026-04-25 20:02:59,050 - [root] - INFO - ────────────────────────────────────────────────────────────
2026-04-25 20:02:59,051 - [root] - INFO - [client1] Global model received from server.
2026-04-25 20:02:59,053 - [root] - INFO - [client1] Global model:
2026-04-25 20:02:59,056 - [root] - INFO -   [coef]  [-0.166667 -0.066668  0.033333  0.133333  0.233333  0.333333  0.433333
  0.533334  0.633334  0.733333]
2026-04-25 20:02:59,056 - [root] - INFO -   [intercept]  [0.]
2026-04-25 20:02:59,056 - [root] - INFO - [client1] Weights updated from global model:
2026-04-25 20:02:59,057 - [root] - INFO - [client1]   coef      = [-0.166667 -0.066668  0.033333  0.133333  0.233333  0.333333  0.433333
  0.533334  0.633334  0.733333]
2026-04-25 20:02:59,058 - [root] - INFO - [client1]   intercept = [0.]
2026-04-25 20:03:01,062 - [root] - INFO - [client1] Local weights (plaintext):
2026-04-25 20:03:01,082 - [root] - INFO -   [coef]  [-0.166667 -0.066668  0.033333  0.133333  0.233333  0.333333  0.433333
  0.533334  0.633334  0.733333]
2026-04-25 20:03:01,083 - [root] - INFO -   [intercept]  [0.]
2026-04-25 20:03:01,083 - [root] - INFO - [client1] Weights quantized and flattened  →  11 integers.
2026-04-25 20:03:01,085 - [root] - INFO - [client1] Masks applied. Sending masked weights to server.
2026-04-25 20:03:01,086 - [root] - INFO - [client1] Masked input Y_u published ✓
2026-04-25 20:03:02,182 - [root] - INFO - 
────────────────────────────────────────────────────────────
2026-04-25 20:03:02,183 - [root] - INFO -   [client1] ROUND 3 — UNMASKING
2026-04-25 20:03:02,184 - [root] - INFO - ────────────────────────────────────────────────────────────
2026-04-25 20:03:02,185 - [root] - INFO - [client1] Survivors: ['client2', 'client3', 'client1']  |  Dropped: none
2026-04-25 20:03:02,185 - [root] - INFO - [client1] Recovery shares sent to server ✓
2026-04-25 20:03:02,455 - [root] - INFO - [Metrics][client1] Round 19 measurement ended (R3 done)
2026-04-25 20:03:15,084 - [root] - INFO - 
────────────────────────────────────────────────────────────
2026-04-25 20:03:15,090 - [root] - INFO -   [client1] ROUND 0 — KEY GENERATION
2026-04-25 20:03:15,091 - [root] - INFO - ────────────────────────────────────────────────────────────
2026-04-25 20:03:15,099 - [root] - INFO - [Metrics][client1] Round 20 measurement started (R0 ignition)
2026-04-25 20:03:15,104 - [root] - INFO - [client1] DH keypairs generated. Public keys sent to server.
2026-04-25 20:03:16,165 - [root] - INFO - 
────────────────────────────────────────────────────────────
2026-04-25 20:03:16,165 - [root] - INFO -   [client1] ROUND 1 — SHARE DISTRIBUTION
2026-04-25 20:03:16,166 - [root] - INFO - ────────────────────────────────────────────────────────────
2026-04-25 20:03:16,168 - [root] - INFO - [client1] Active users: ['client3', 'client2', 'client1']  |  threshold: 2/3
2026-04-25 20:03:16,178 - [root] - INFO - [client1] Encrypted Shamir shares sent to server for routing  →  ['client3', 'client2']
2026-04-25 20:03:16,270 - [root] - INFO - [client1] Share received and decrypted from client2  (1/2)
2026-04-25 20:03:17,280 - [root] - INFO - [client1] Share received and decrypted from client3  (2/2)
2026-04-25 20:03:17,280 - [root] - INFO - 
────────────────────────────────────────────────────────────
2026-04-25 20:03:17,281 - [root] - INFO -   [client1] ROUND 2 — MASKED INPUT GENERATION
2026-04-25 20:03:17,282 - [root] - INFO - ────────────────────────────────────────────────────────────
2026-04-25 20:03:17,283 - [root] - INFO - [client1] Global model received from server.
2026-04-25 20:03:17,285 - [root] - INFO - [client1] Global model:
2026-04-25 20:03:17,288 - [root] - INFO -   [coef]  [-0.166667 -0.066668  0.033333  0.133333  0.233333  0.333333  0.433333
  0.533334  0.633334  0.733333]
2026-04-25 20:03:17,288 - [root] - INFO -   [intercept]  [0.]
2026-04-25 20:03:17,289 - [root] - INFO - [client1] Weights updated from global model:
2026-04-25 20:03:17,292 - [root] - INFO - [client1]   coef      = [-0.166667 -0.066668  0.033333  0.133333  0.233333  0.333333  0.433333
  0.533334  0.633334  0.733333]
2026-04-25 20:03:17,292 - [root] - INFO - [client1]   intercept = [0.]
2026-04-25 20:03:19,294 - [root] - INFO - [client1] Local weights (plaintext):
2026-04-25 20:03:19,302 - [root] - INFO -   [coef]  [-0.166667 -0.066668  0.033333  0.133333  0.233333  0.333333  0.433333
  0.533334  0.633334  0.733333]
2026-04-25 20:03:19,303 - [root] - INFO -   [intercept]  [0.]
2026-04-25 20:03:19,309 - [root] - INFO - [client1] Weights quantized and flattened  →  11 integers.
2026-04-25 20:03:19,311 - [root] - INFO - [client1] Masks applied. Sending masked weights to server.
2026-04-25 20:03:19,317 - [root] - INFO - [client1] Masked input Y_u published ✓
2026-04-25 20:03:20,419 - [root] - INFO - 
────────────────────────────────────────────────────────────
2026-04-25 20:03:20,420 - [root] - INFO -   [client1] ROUND 3 — UNMASKING
2026-04-25 20:03:20,420 - [root] - INFO - ────────────────────────────────────────────────────────────
2026-04-25 20:03:20,421 - [root] - INFO - [client1] Survivors: ['client2', 'client3', 'client1']  |  Dropped: none
2026-04-25 20:03:20,422 - [root] - INFO - [client1] Recovery shares sent to server ✓
2026-04-25 20:03:20,828 - [root] - INFO - [Metrics][client1] Round 20 measurement ended (R3 done)
2026-04-25 20:03:33,385 - [root] - INFO - 
────────────────────────────────────────────────────────────
2026-04-25 20:03:33,387 - [root] - INFO -   [client1] ROUND 0 — KEY GENERATION
2026-04-25 20:03:33,388 - [root] - INFO - ────────────────────────────────────────────────────────────
2026-04-25 20:03:33,393 - [root] - INFO - [Metrics][client1] Round 21 measurement started (R0 ignition)
2026-04-25 20:03:33,398 - [root] - INFO - [client1] DH keypairs generated. Public keys sent to server.
2026-04-25 20:03:34,451 - [root] - INFO - 
────────────────────────────────────────────────────────────
2026-04-25 20:03:34,453 - [root] - INFO -   [client1] ROUND 1 — SHARE DISTRIBUTION
2026-04-25 20:03:34,453 - [root] - INFO - ────────────────────────────────────────────────────────────
2026-04-25 20:03:34,454 - [root] - INFO - [client1] Active users: ['client3', 'client2', 'client1']  |  threshold: 2/3
2026-04-25 20:03:34,464 - [root] - INFO - [client1] Encrypted Shamir shares sent to server for routing  →  ['client3', 'client2']
2026-04-25 20:03:35,521 - [root] - INFO - [client1] Share received and decrypted from client2  (1/2)
2026-04-25 20:03:35,523 - [root] - INFO - [client1] Share received and decrypted from client3  (2/2)
2026-04-25 20:03:35,524 - [root] - INFO - 
────────────────────────────────────────────────────────────
2026-04-25 20:03:35,525 - [root] - INFO -   [client1] ROUND 2 — MASKED INPUT GENERATION
2026-04-25 20:03:35,525 - [root] - INFO - ────────────────────────────────────────────────────────────
2026-04-25 20:03:35,526 - [root] - INFO - [client1] Global model received from server.
2026-04-25 20:03:35,528 - [root] - INFO - [client1] Global model:
2026-04-25 20:03:35,531 - [root] - INFO -   [coef]  [-0.166667 -0.066668  0.033333  0.133333  0.233333  0.333333  0.433333
  0.533334  0.633334  0.733333]
2026-04-25 20:03:35,531 - [root] - INFO -   [intercept]  [0.]
2026-04-25 20:03:35,532 - [root] - INFO - [client1] Weights updated from global model:
2026-04-25 20:03:35,532 - [root] - INFO - [client1]   coef      = [-0.166667 -0.066668  0.033333  0.133333  0.233333  0.333333  0.433333
  0.533334  0.633334  0.733333]
2026-04-25 20:03:35,533 - [root] - INFO - [client1]   intercept = [0.]
2026-04-25 20:03:37,536 - [root] - INFO - [client1] Local weights (plaintext):
2026-04-25 20:03:37,537 - [root] - INFO -   [coef]  [-0.166667 -0.066668  0.033333  0.133333  0.233333  0.333333  0.433333
  0.533334  0.633334  0.733333]
2026-04-25 20:03:37,538 - [root] - INFO -   [intercept]  [0.]
2026-04-25 20:03:37,540 - [root] - INFO - [client1] Weights quantized and flattened  →  11 integers.
2026-04-25 20:03:37,545 - [root] - INFO - [client1] Masks applied. Sending masked weights to server.
2026-04-25 20:03:37,547 - [root] - INFO - [client1] Masked input Y_u published ✓
2026-04-25 20:03:38,637 - [root] - INFO - 
────────────────────────────────────────────────────────────
2026-04-25 20:03:38,638 - [root] - INFO -   [client1] ROUND 3 — UNMASKING
2026-04-25 20:03:38,638 - [root] - INFO - ────────────────────────────────────────────────────────────
2026-04-25 20:03:38,638 - [root] - INFO - [client1] Survivors: ['client2', 'client3', 'client1']  |  Dropped: none
2026-04-25 20:03:38,639 - [root] - INFO - [client1] Recovery shares sent to server ✓
2026-04-25 20:03:38,947 - [root] - INFO - [Metrics][client1] Round 21 measurement ended (R3 done)
2026-04-25 20:03:51,570 - [root] - INFO - 
────────────────────────────────────────────────────────────
2026-04-25 20:03:51,572 - [root] - INFO -   [client1] ROUND 0 — KEY GENERATION
2026-04-25 20:03:51,573 - [root] - INFO - ────────────────────────────────────────────────────────────
2026-04-25 20:03:51,575 - [root] - INFO - [Metrics][client1] Round 22 measurement started (R0 ignition)
2026-04-25 20:03:51,576 - [root] - INFO - [client1] DH keypairs generated. Public keys sent to server.
2026-04-25 20:03:52,630 - [root] - INFO - 
────────────────────────────────────────────────────────────
2026-04-25 20:03:52,631 - [root] - INFO -   [client1] ROUND 1 — SHARE DISTRIBUTION
2026-04-25 20:03:52,632 - [root] - INFO - ────────────────────────────────────────────────────────────
2026-04-25 20:03:52,632 - [root] - INFO - [client1] Active users: ['client2', 'client3', 'client1']  |  threshold: 2/3
2026-04-25 20:03:52,641 - [root] - INFO - [client1] Encrypted Shamir shares sent to server for routing  →  ['client2', 'client3']
2026-04-25 20:03:53,749 - [root] - INFO - [client1] Share received and decrypted from client2  (1/2)
2026-04-25 20:03:53,751 - [root] - INFO - [client1] Share received and decrypted from client3  (2/2)
2026-04-25 20:03:53,751 - [root] - INFO - 
────────────────────────────────────────────────────────────
2026-04-25 20:03:53,751 - [root] - INFO -   [client1] ROUND 2 — MASKED INPUT GENERATION
2026-04-25 20:03:53,752 - [root] - INFO - ────────────────────────────────────────────────────────────
2026-04-25 20:03:53,752 - [root] - INFO - [client1] Global model received from server.
2026-04-25 20:03:53,752 - [root] - INFO - [client1] Global model:
2026-04-25 20:03:53,754 - [root] - INFO -   [coef]  [-0.166667 -0.066668  0.033333  0.133333  0.233333  0.333333  0.433333
  0.533334  0.633334  0.733333]
2026-04-25 20:03:53,754 - [root] - INFO -   [intercept]  [0.]
2026-04-25 20:03:53,754 - [root] - INFO - [client1] Weights updated from global model:
2026-04-25 20:03:53,755 - [root] - INFO - [client1]   coef      = [-0.166667 -0.066668  0.033333  0.133333  0.233333  0.333333  0.433333
  0.533334  0.633334  0.733333]
2026-04-25 20:03:53,755 - [root] - INFO - [client1]   intercept = [0.]
2026-04-25 20:03:55,759 - [root] - INFO - [client1] Local weights (plaintext):
2026-04-25 20:03:55,762 - [root] - INFO -   [coef]  [-0.166667 -0.066668  0.033333  0.133333  0.233333  0.333333  0.433333
  0.533334  0.633334  0.733333]
2026-04-25 20:03:55,762 - [root] - INFO -   [intercept]  [0.]
2026-04-25 20:03:55,763 - [root] - INFO - [client1] Weights quantized and flattened  →  11 integers.
2026-04-25 20:03:55,765 - [root] - INFO - [client1] Masks applied. Sending masked weights to server.
2026-04-25 20:03:55,766 - [root] - INFO - [client1] Masked input Y_u published ✓
2026-04-25 20:03:56,864 - [root] - INFO - 
────────────────────────────────────────────────────────────
2026-04-25 20:03:56,864 - [root] - INFO -   [client1] ROUND 3 — UNMASKING
2026-04-25 20:03:56,865 - [root] - INFO - ────────────────────────────────────────────────────────────
2026-04-25 20:03:56,866 - [root] - INFO - [client1] Survivors: ['client2', 'client3', 'client1']  |  Dropped: none
2026-04-25 20:03:56,867 - [root] - INFO - [client1] Recovery shares sent to server ✓
2026-04-25 20:03:57,148 - [root] - INFO - [Metrics][client1] Round 22 measurement ended (R3 done)
2026-04-25 20:03:58,431 - [root] - WARNING - [client1] Disconnected from broker (rc=Unspecified error)
